#
# There is insufficient memory for the Java Runtime Environment to continue.
# Native memory allocation (mmap) failed to map 199229440 bytes for Failed to commit area from 0x0000000742000000 to 0x000000074de00000 of length 199229440.
# Possible reasons:
#   The system is out of physical RAM or swap space
#   The process is running with CompressedOops enabled, and the Java Heap may be blocking the growth of the native heap
# Possible solutions:
#   Reduce memory load on the system
#   Increase physical memory or swap space
#   Check if swap backing store is full
#   Decrease Java heap size (-Xmx/-Xms)
#   Decrease number of Java threads
#   Decrease Java thread stack sizes (-Xss)
#   Set larger code cache with -XX:ReservedCodeCacheSize=
# This output file may be truncated or incomplete.
#
#  Out of Memory Error (c:/BuildAgent/work/dd4f663211fab7c/src/hotspot/os/windows/os_windows.cpp:3272), pid=23020, tid=22580
#
# JRE version:  (11.0.2+9) (build )
# Java VM: OpenJDK 64-Bit Server VM (11.0.2+9-b159.34, mixed mode, aot, sharing, tiered, compressed oops, g1 gc, windows-amd64)
# No core dump will be written. Minidumps are not enabled by default on client versions of Windows
#

---------------  S U M M A R Y ------------

Command Line: org.jetbrains.git4idea.http.GitAskPassApp Username for 'https://github.com': 

Host: Intel(R) Core(TM) i5-7300HQ CPU @ 2.50GHz, 4 cores, 11G,  Windows 10 , 64 bit Build 17763 (10.0.17763.437)
Time: Mon Apr 29 15:30:25 2019 Pacific Daylight Time elapsed time: 0 seconds (0d 0h 0m 0s)

---------------  T H R E A D  ---------------

Current thread (0x0000020bf77db000):  JavaThread "Unknown thread" [_thread_in_vm, id=22580, stack(0x0000003663900000,0x0000003663a00000)]

Stack: [0x0000003663900000,0x0000003663a00000]
Native frames: (J=compiled Java code, j=interpreted, Vv=VM code, C=native code)
V  [jvm.dll+0x5da82a]
V  [jvm.dll+0x70b6c9]
V  [jvm.dll+0x70cbe8]
V  [jvm.dll+0x70d2b3]
V  [jvm.dll+0x240f18]
V  [jvm.dll+0x5d7fc4]
V  [jvm.dll+0x5cd115]
V  [jvm.dll+0x2fa5eb]
V  [jvm.dll+0x2fa55a]
V  [jvm.dll+0x2fa432]
V  [jvm.dll+0x2ff316]
V  [jvm.dll+0x347993]
V  [jvm.dll+0x348096]
V  [jvm.dll+0x347a93]
V  [jvm.dll+0x2d5588]
V  [jvm.dll+0x2d66c7]
V  [jvm.dll+0x6eaac7]
V  [jvm.dll+0x6ec22c]
V  [jvm.dll+0x3551c9]
V  [jvm.dll+0x6d274e]
V  [jvm.dll+0x3bd953]
V  [jvm.dll+0x3bfcc1]
C  [java.exe+0x3763]
C  [java.exe+0x17a0c]
C  [KERNEL32.DLL+0x17974]
C  [ntdll.dll+0x6a271]


---------------  P R O C E S S  ---------------

Threads class SMR info:
_java_thread_list=0x0000020bf562ab80, length=0, elements={
}

Java Threads: ( => current thread )

Other Threads:
  0x0000020bf77f3800 GCTaskThread "GC Thread#0" [stack: 0x0000003663a00000,0x0000003663b00000] [id=4432]
  0x0000020bf7838800 ConcurrentGCThread "G1 Main Marker" [stack: 0x0000003663b00000,0x0000003663c00000] [id=4080]
  0x0000020bf783a800 ConcurrentGCThread "G1 Conc#0" [stack: 0x0000003663c00000,0x0000003663d00000] [id=4480]

[error occurred during error reporting (printing all threads), id 0xc0000005, EXCEPTION_ACCESS_VIOLATION (0xc0000005) at pc=0x00007ff9f89a5687]

VM state:not at safepoint (not fully initialized)

VM Mutex/Monitor currently owned by a thread:  ([mutex/lock_event])
[0x0000020bf77dac20] Heap_lock - owner thread: 0x0000020bf77db000

Heap address: 0x0000000742000000, size: 3040 MB, Compressed Oops mode: Non-zero based: 0x0000000742000000
Narrow klass base: 0x0000000000000000, Narrow klass shift: 0

GC Heap History (0 events):
No events

Deoptimization events (0 events):
No events

Classes redefined (0 events):
No events

Internal exceptions (0 events):
No events

Events (0 events):
No events


Dynamic libraries:
0x00007ff7db120000 - 0x00007ff7db167000 	C:\Program Files\JetBrains\PyCharm Community Edition 2019.1\jre64\bin\java.exe
0x00007ffa66760000 - 0x00007ffa6694d000 	C:\WINDOWS\SYSTEM32\ntdll.dll
0x00007ffa66330000 - 0x00007ffa663e3000 	C:\WINDOWS\System32\KERNEL32.DLL
0x00007ffa62a10000 - 0x00007ffa62ca3000 	C:\WINDOWS\System32\KERNELBASE.dll
0x00007ffa641f0000 - 0x00007ffa64387000 	C:\WINDOWS\System32\USER32.dll
0x00007ffa63870000 - 0x00007ffa63890000 	C:\WINDOWS\System32\win32u.dll
0x00007ffa63a40000 - 0x00007ffa63a69000 	C:\WINDOWS\System32\GDI32.dll
0x00007ffa62f80000 - 0x00007ffa6311a000 	C:\WINDOWS\System32\gdi32full.dll
0x00007ffa62cb0000 - 0x00007ffa62d50000 	C:\WINDOWS\System32\msvcp_win.dll
0x00007ffa62e20000 - 0x00007ffa62f1a000 	C:\WINDOWS\System32\ucrtbase.dll
0x00007ffa51000000 - 0x00007ffa51279000 	C:\WINDOWS\WinSxS\amd64_microsoft.windows.common-controls_6595b64144ccf1df_6.0.17763.437_none_05b63dca071e5dd6\COMCTL32.dll
0x00007ffa64150000 - 0x00007ffa641ee000 	C:\WINDOWS\System32\msvcrt.dll
0x00007ffa63be0000 - 0x00007ffa63f0c000 	C:\WINDOWS\System32\combase.dll
0x00007ffa66560000 - 0x00007ffa66682000 	C:\WINDOWS\System32\RPCRT4.dll
0x00007ffa62da0000 - 0x00007ffa62e1e000 	C:\WINDOWS\System32\bcryptPrimitives.dll
0x00007ffa63990000 - 0x00007ffa639be000 	C:\WINDOWS\System32\IMM32.DLL
0x00007ffa5ea10000 - 0x00007ffa5ea27000 	C:\Program Files\JetBrains\PyCharm Community Edition 2019.1\jre64\bin\vcruntime140.dll
0x00007ffa4c9c0000 - 0x00007ffa4ca5d000 	C:\Program Files\JetBrains\PyCharm Community Edition 2019.1\jre64\bin\msvcp140.dll
0x00007ff9f86c0000 - 0x00007ff9f9176000 	C:\Program Files\JetBrains\PyCharm Community Edition 2019.1\jre64\bin\server\jvm.dll
0x00007ffa64460000 - 0x00007ffa64503000 	C:\WINDOWS\System32\ADVAPI32.dll
0x00007ffa66690000 - 0x00007ffa6672e000 	C:\WINDOWS\System32\sechost.dll
0x00007ffa63a70000 - 0x00007ffa63a78000 	C:\WINDOWS\System32\PSAPI.DLL
0x00007ffa5dbc0000 - 0x00007ffa5dbe4000 	C:\WINDOWS\SYSTEM32\WINMM.dll
0x00007ffa4e520000 - 0x00007ffa4e529000 	C:\WINDOWS\SYSTEM32\WSOCK32.dll
0x00007ffa643f0000 - 0x00007ffa6445d000 	C:\WINDOWS\System32\WS2_32.dll
0x00007ffa5baf0000 - 0x00007ffa5bafa000 	C:\WINDOWS\SYSTEM32\VERSION.dll
0x00007ffa5dab0000 - 0x00007ffa5dadd000 	C:\WINDOWS\SYSTEM32\WINMMBASE.dll
0x00007ffa62d50000 - 0x00007ffa62d9a000 	C:\WINDOWS\System32\cfgmgr32.dll
0x00007ffa62780000 - 0x00007ffa62791000 	C:\WINDOWS\System32\kernel.appcore.dll
0x00007ffa5c910000 - 0x00007ffa5c921000 	C:\Program Files\JetBrains\PyCharm Community Edition 2019.1\jre64\bin\verify.dll
0x00007ffa61140000 - 0x00007ffa6132d000 	C:\WINDOWS\SYSTEM32\DBGHELP.DLL
0x00007ffa48300000 - 0x00007ffa4832a000 	C:\WINDOWS\SYSTEM32\dbgcore.DLL
0x00007ffa50690000 - 0x00007ffa506b9000 	C:\Program Files\JetBrains\PyCharm Community Edition 2019.1\jre64\bin\java.dll
0x00007ffa596e0000 - 0x00007ffa596f7000 	C:\Program Files\JetBrains\PyCharm Community Edition 2019.1\jre64\bin\zip.dll
0x00007ffa5ea70000 - 0x00007ffa5ea7b000 	C:\Program Files\JetBrains\PyCharm Community Edition 2019.1\jre64\bin\jimage.dll

dbghelp: loaded successfully - version: 4.0.5 - missing functions: none
symbol engine: initialized successfully - sym options: 0x614 - pdb path: .;C:\Program Files\JetBrains\PyCharm Community Edition 2019.1\jre64\bin;C:\WINDOWS\SYSTEM32;C:\WINDOWS\WinSxS\amd64_microsoft.windows.common-controls_6595b64144ccf1df_6.0.17763.437_none_05b63dca071e5dd6;C:\Program Files\JetBrains\PyCharm Community Edition 2019.1\jre64\bin\server

VM Arguments:
java_command: org.jetbrains.git4idea.http.GitAskPassApp Username for 'https://github.com': 
java_class_path (initial): C:/Program Files/JetBrains/PyCharm Community Edition 2019.1/plugins/git4idea/lib/git4idea-rt.jar;C:/Program Files/JetBrains/PyCharm Community Edition 2019.1/lib/xmlrpc-2.0.1.jar;C:/Program Files/JetBrains/PyCharm Community Edition 2019.1/lib/commons-codec-1.10.jar;C:/Program Files/JetBrains/PyCharm Community Edition 2019.1/lib/util.jar
Launcher Type: SUN_STANDARD

[Global flags]
     intx CICompilerCount                          = 3                                         {product} {ergonomic}
     uint ConcGCThreads                            = 1                                         {product} {ergonomic}
     uint G1ConcRefinementThreads                  = 4                                         {product} {ergonomic}
   size_t G1HeapRegionSize                         = 1048576                                   {product} {ergonomic}
    uintx GCDrainStackTargetSize                   = 64                                        {product} {ergonomic}
   size_t InitialHeapSize                          = 199229440                                 {product} {ergonomic}
   size_t MarkStackSize                            = 4194304                                   {product} {ergonomic}
   size_t MaxHeapSize                              = 3187671040                                {product} {ergonomic}
   size_t MinHeapDeltaBytes                        = 1048576                                   {product} {ergonomic}
    uintx NonNMethodCodeHeapSize                   = 5830092                                {pd product} {ergonomic}
    uintx NonProfiledCodeHeapSize                  = 122914074                              {pd product} {ergonomic}
    uintx ProfiledCodeHeapSize                     = 122914074                              {pd product} {ergonomic}
    uintx ReservedCodeCacheSize                    = 251658240                              {pd product} {ergonomic}
     bool SegmentedCodeCache                       = true                                      {product} {ergonomic}
     bool UseCompressedClassPointers               = true                                 {lp64_product} {ergonomic}
     bool UseCompressedOops                        = true                                 {lp64_product} {ergonomic}
     bool UseG1GC                                  = true                                      {product} {ergonomic}
     bool UseLargePagesIndividualAllocation        = false                                  {pd product} {ergonomic}

Logging:
Log output configuration:
 #0: stdout all=warning uptime,level,tags
 #1: stderr all=off uptime,level,tags

Environment Variables:
PATH=C:/Program Files/Git/mingw64/libexec/git-core;C:/Program Files/Git/mingw64/libexec/git-core;C:\Program Files\Git\mingw64\bin;C:\Program Files\Git\usr\bin;C:\Users\Ben Cheng\AppData\Roaming\SPB_Data\bin;C:\Program Files\AdoptOpenJDK\jdk-11.0.2+9-jre\bin;C:\Program Files\AdoptOpenJDK\jdk8u202-b08-jre\bin;C:\Program Files (x86)\Common Files\Oracle\Java\javapath;C:\Program Files (x86)\Intel\Intel(R) Management Engine Components\iCLS\;C:\Program Files\Intel\Intel(R) Management Engine Components\iCLS\;C:\Program Files\NVIDIA GPU Computing Toolkit\CUDA\v9.1\bin;C:\Program Files\NVIDIA GPU Computing Toolkit\CUDA\v9.1\libnvvp;C:\ProgramData\Oracle\Java\javapath;C:\WINDOWS\system32;C:\WINDOWS;C:\WINDOWS\System32\Wbem;C:\WINDOWS\System32\WindowsPowerShell\v1.0\;C:\Program Files\PuTTY\;C:\Program Files (x86)\NVIDIA Corporation\PhysX\Common;C:\Program Files\Microsoft SQL Server\Client SDK\ODBC\110\Tools\Binn\;C:\Program Files (x86)\Microsoft SQL Server\120\Tools\Binn\;C:\Program Files\Microsoft SQL Server\120\Tools\Binn\;C:\Program Files\Microsoft SQL Server\120\DTS\Binn\;C:\Program Files (x86)\Windows Kits\8.1\Windows Performance Toolkit\;C:\Program Files (x86)\Intel\Intel(R) Management Engine Components\DAL;C:\Program Files\Intel\Intel(R) Management Engine Components\DAL;C:\Program Files (x86)\Intel\Intel(R) Management Engine Components\IPT;C:\Program Files\Intel\Intel(R) Management Engine Components\IPT;C:\Program Files (x86)\Calibre2\;C:\Program Files\MiKTeX 2.9\miktex\bin\x64\;C:\Program Files\Micron Technology\Micron Storage Executive;C:\Users\Ben Cheng\AppData\Local\Programs\Python\Python36\Scripts;C:\Users\Ben Cheng\Anaconda3\Scripts;C:\WINDOWS\system32;C:\WINDOWS;C:\WINDOWS\System32\Wbem;C:\WINDOWS\System32\WindowsPowerShell\v1.0\;C:\WINDOWS\System32\OpenSSH\;C:\Program Files\Intel\WiFi\bin\;C:\Program Files\Common Files\Intel\WirelessCommon\;C:\Program Files\Git\cmd;C:\Users\Ben Cheng\AppData\Local\Programs\Python\Python36\Scripts\;C:\Users\Ben Cheng\AppData\Local\Pr
USERNAME=Ben Cheng
DISPLAY=:0.0
OS=Windows_NT
PROCESSOR_IDENTIFIER=Intel64 Family 6 Model 158 Stepping 9, GenuineIntel



---------------  S Y S T E M  ---------------

OS: Windows 10 , 64 bit Build 17763 (10.0.17763.437)

CPU:total 4 (initial active 4) (4 cores per cpu, 1 threads per core) family 6 model 158 stepping 9, cmov, cx8, fxsr, mmx, sse, sse2, sse3, ssse3, sse4.1, sse4.2, popcnt, avx, avx2, aes, clmul, erms, 3dnowpref, lzcnt, tsc, tscinvbit, bmi1, bmi2, adx, fma

Memory: 4k page, system-wide physical 12153M (707M free)
TotalPageFile size 20153M (AvailPageFile size 172M)
current process WorkingSet (physical memory assigned to process): 9M, peak: 9M
current process commit charge ("private bytes"): 51M, peak: 241M

vm_info: OpenJDK 64-Bit Server VM (11.0.2+9-b159.34) for windows-amd64 JRE (11.0.2+9-b159.34), built on Mar 26 2019 11:55:29 by "" with MS VC++ 14.0 (VS2015)

END.
